2020-02-16T08:43:40.352Z - normal: Load ~/.CocosCreator/settings.json
2020-02-16T08:43:40.457Z - normal: Initializing Asset Database
2020-02-16T08:43:40.471Z - normal: checking language setting...
2020-02-16T08:43:40.471Z - normal: Language: zh
2020-02-16T08:43:42.388Z - success: preview server running at http://localhost:7456
2020-02-16T08:43:42.564Z - success: protocol editor-framework registered
2020-02-16T08:43:42.564Z - success: protocol app registered
2020-02-16T08:43:42.564Z - success: protocol theme registered
2020-02-16T08:43:42.565Z - success: protocol packages registered
2020-02-16T08:43:42.565Z - success: protocol uuid registerred
2020-02-16T08:43:42.565Z - success: protocol db registerred
2020-02-16T08:43:42.566Z - success: protocol thumbnail registerred
2020-02-16T08:43:42.566Z - success: protocol unpack registerred
2020-02-16T08:43:42.566Z - success: protocol disable-commonjs registerred
2020-02-16T08:43:42.777Z - normal: connected!
2020-02-16T08:43:42.779Z - normal: Check project /Users/georgezeng/work/git/private/game/stms/stms.game.ui
2020-02-16T08:43:42.780Z - normal: Initializing project /Users/georgezeng/work/git/private/game/stms/stms.game.ui
2020-02-16T08:43:42.840Z - success: adapters loaded
2020-02-16T08:43:42.855Z - success: asset-db-debugger loaded
2020-02-16T08:43:43.096Z - success: fb-audience-network loaded
2020-02-16T08:43:43.148Z - success: fb-live-stream loaded
2020-02-16T08:43:43.158Z - success: google-play-instant loaded
2020-02-16T08:43:43.170Z - success: huawei-runtime loaded
2020-02-16T08:43:43.177Z - success: jkw-adapter loaded
2020-02-16T08:43:43.178Z - success: jsb-adapter loaded
2020-02-16T08:43:43.192Z - success: oppo-runtime loaded
2020-02-16T08:43:43.212Z - success: package-manager loaded
2020-02-16T08:43:43.213Z - success: qtt-adapter loaded
2020-02-16T08:43:43.220Z - success: runtime-dev-tools loaded
2020-02-16T08:43:43.238Z - success: sdkbox loaded
2020-02-16T08:43:43.254Z - success: ui-kit-preview-extra loaded
2020-02-16T08:43:43.271Z - success: ui-kit-preview loaded
2020-02-16T08:43:43.290Z - success: vivo-runtime loaded
2020-02-16T08:43:43.297Z - success: alipay-minigame loaded
2020-02-16T08:43:43.540Z - success: assets loaded
2020-02-16T08:43:43.545Z - success: baidugame-opendata loaded
2020-02-16T08:43:43.549Z - success: baidugame loaded
2020-02-16T08:43:43.575Z - success: builder loaded
2020-02-16T08:43:44.035Z - success: cocos-services loaded
2020-02-16T08:43:44.061Z - success: console loaded
2020-02-16T08:43:44.093Z - success: fb-instant-games loaded
2020-02-16T08:43:44.104Z - success: game-window loaded
2020-02-16T08:43:44.108Z - success: google-instant-games loaded
2020-02-16T08:43:44.123Z - success: hierarchy loaded
2020-02-16T08:43:44.139Z - success: inspector loaded
2020-02-16T08:43:45.121Z - success: cpk-publish loaded
2020-02-16T08:43:45.161Z - success: keystore loaded
2020-02-16T08:43:45.280Z - success: node-library loaded
2020-02-16T08:43:45.293Z - success: open-recent-items loaded
2020-02-16T08:43:45.297Z - success: package-asset loaded
2020-02-16T08:43:45.310Z - success: preferences loaded
2020-02-16T08:43:45.328Z - success: project-exporter loaded
2020-02-16T08:43:45.361Z - success: project-importer loaded
2020-02-16T08:43:45.376Z - success: project-settings loaded
2020-02-16T08:43:45.421Z - success: qtt-runtime loaded
2020-02-16T08:43:45.441Z - success: scene loaded
2020-02-16T08:43:45.445Z - success: simulator-debugger loaded
2020-02-16T08:43:45.446Z - success: sprite-editor loaded
2020-02-16T08:43:45.461Z - success: store loaded
2020-02-16T08:43:45.472Z - success: timeline loaded
2020-02-16T08:43:45.480Z - success: wechatgame-opendata loaded
2020-02-16T08:43:45.491Z - success: wechatgame loaded
2020-02-16T08:43:45.499Z - success: xiaomi-runtime loaded
2020-02-16T08:43:47.769Z - normal: Initializing Cocos2d
2020-02-16T08:43:48.503Z - normal: Initializing engine extends
2020-02-16T08:43:49.284Z - normal: Loading packages
2020-02-16T08:43:49.288Z - normal: Watching packages
2020-02-16T08:43:49.383Z - normal: Run Application
